Performing C SOURCE FILE Test CMAKE_HAVE_LIBC_PTHREAD failed with the following output:
Change Dir: /home/crestonix/CLionProjects/Server/cmake-build-debug/CMakeFiles/CMakeTmp

Run Build Command(s):/bin/make -f Makefile cmTC_a8266/fast && /bin/make  -f CMakeFiles/cmTC_a8266.dir/build.make CMakeFiles/cmTC_a8266.dir/build
make[1]: вход в каталог «/home/crestonix/CLionProjects/Server/cmake-build-debug/CMakeFiles/CMakeTmp»
Building C object CMakeFiles/cmTC_a8266.dir/src.c.o
/bin/gcc -DCMAKE_HAVE_LIBC_PTHREAD   -o CMakeFiles/cmTC_a8266.dir/src.c.o -c /home/crestonix/CLionProjects/Server/cmake-build-debug/CMakeFiles/CMakeTmp/src.c
Linking C executable cmTC_a8266
/snap/clion/163/bin/cmake/linux/bin/cmake -E cmake_link_script CMakeFiles/cmTC_a8266.dir/link.txt --verbose=1
/bin/gcc CMakeFiles/cmTC_a8266.dir/src.c.o -o cmTC_a8266 
/usr/bin/ld: CMakeFiles/cmTC_a8266.dir/src.c.o: в функции «main»:
src.c:(.text+0x46): неопределённая ссылка на «pthread_create»
/usr/bin/ld: src.c:(.text+0x52): неопределённая ссылка на «pthread_detach»
/usr/bin/ld: src.c:(.text+0x5e): неопределённая ссылка на «pthread_cancel»
/usr/bin/ld: src.c:(.text+0x6f): неопределённая ссылка на «pthread_join»
collect2: error: ld returned 1 exit status
make[1]: *** [CMakeFiles/cmTC_a8266.dir/build.make:99: cmTC_a8266] Ошибка 1
make[1]: выход из каталога «/home/crestonix/CLionProjects/Server/cmake-build-debug/CMakeFiles/CMakeTmp»
make: *** [Makefile:127: cmTC_a8266/fast] Ошибка 2


Source file was:
#include <pthread.h>

static void* test_func(void* data)
{
  return data;
}

int main(void)
{
  pthread_t thread;
  pthread_create(&thread, NULL, test_func, NULL);
  pthread_detach(thread);
  pthread_cancel(thread);
  pthread_join(thread, NULL);
  pthread_atfork(NULL, NULL, NULL);
  pthread_exit(NULL);

  return 0;
}

Determining if the function pthread_create exists in the pthreads failed with the following output:
Change Dir: /home/crestonix/CLionProjects/Server/cmake-build-debug/CMakeFiles/CMakeTmp

Run Build Command(s):/bin/make -f Makefile cmTC_7e41f/fast && /bin/make  -f CMakeFiles/cmTC_7e41f.dir/build.make CMakeFiles/cmTC_7e41f.dir/build
make[1]: вход в каталог «/home/crestonix/CLionProjects/Server/cmake-build-debug/CMakeFiles/CMakeTmp»
Building C object CMakeFiles/cmTC_7e41f.dir/CheckFunctionExists.c.o
/bin/gcc   -DCHECK_FUNCTION_EXISTS=pthread_create -o CMakeFiles/cmTC_7e41f.dir/CheckFunctionExists.c.o -c /snap/clion/163/bin/cmake/linux/share/cmake-3.20/Modules/CheckFunctionExists.c
Linking C executable cmTC_7e41f
/snap/clion/163/bin/cmake/linux/bin/cmake -E cmake_link_script CMakeFiles/cmTC_7e41f.dir/link.txt --verbose=1
/bin/gcc  -DCHECK_FUNCTION_EXISTS=pthread_create CMakeFiles/cmTC_7e41f.dir/CheckFunctionExists.c.o -o cmTC_7e41f  -lpthreads 
/usr/bin/ld: невозможно найти -lpthreads
collect2: error: ld returned 1 exit status
make[1]: *** [CMakeFiles/cmTC_7e41f.dir/build.make:99: cmTC_7e41f] Ошибка 1
make[1]: выход из каталога «/home/crestonix/CLionProjects/Server/cmake-build-debug/CMakeFiles/CMakeTmp»
make: *** [Makefile:127: cmTC_7e41f/fast] Ошибка 2



